2021-10-12 01:01:41.456  INFO 5004 --- [RMI TCP Connection(112)-127.0.0.1] inMXBeanRegistrar$SpringApplicationAdmin : Application shutdown requested.
2021-10-12 01:01:41.582  INFO 5004 --- [RMI TCP Connection(112)-127.0.0.1] j.LocalContainerEntityManagerFactoryBean : Closing JPA EntityManagerFactory for persistence unit 'default'
2021-10-12 01:01:41.583  INFO 5004 --- [RMI TCP Connection(112)-127.0.0.1] .SchemaDropperImpl$DelayedDropActionImpl : HHH000477: Starting delayed evictData of schema as part of SessionFactory shut-down'
2021-10-12 01:01:41.621  INFO 5004 --- [RMI TCP Connection(112)-127.0.0.1] com.zaxxer.hikari.HikariDataSource       : HikariPool-1 - Shutdown initiated...
2021-10-12 01:01:41.625  INFO 5004 --- [RMI TCP Connection(112)-127.0.0.1] com.zaxxer.hikari.HikariDataSource       : HikariPool-1 - Shutdown completed.
2021-10-12 01:01:46.569  INFO 10004 --- [main] c.e.demo.SatsEtatCovid2Application       : Starting SatsEtatCovid2Application using Java 15.0.1 on DESKTOP-GVK405K with PID 10004 (C:\Users\pc\Desktop\Project\SATSEtatCovid-2\target\classes started by pc in C:\Users\pc\Desktop\Project\SATSEtatCovid-2)
2021-10-12 01:01:46.571  INFO 10004 --- [main] c.e.demo.SatsEtatCovid2Application       : No active profile set, falling back to default profiles: default
2021-10-12 01:01:47.290  INFO 10004 --- [main] .s.d.r.c.RepositoryConfigurationDelegate : Bootstrapping Spring Data JPA repositories in DEFAULT mode.
2021-10-12 01:01:47.364  INFO 10004 --- [main] .s.d.r.c.RepositoryConfigurationDelegate : Finished Spring Data repository scanning in 64 ms. Found 5 JPA repository interfaces.
2021-10-12 01:01:48.098  INFO 10004 --- [main] o.s.b.w.embedded.tomcat.TomcatWebServer  : Tomcat initialized with port(s): 8093 (http)
2021-10-12 01:01:48.112  INFO 10004 --- [main] o.apache.catalina.core.StandardService   : Starting service [Tomcat]
2021-10-12 01:01:48.113  INFO 10004 --- [main] org.apache.catalina.core.StandardEngine  : Starting Servlet engine: [Apache Tomcat/9.0.50]
2021-10-12 01:01:48.288  INFO 10004 --- [main] o.a.c.c.C.[Tomcat].[localhost].[/]       : Initializing Spring embedded WebApplicationContext
2021-10-12 01:01:48.289  INFO 10004 --- [main] w.s.c.ServletWebServerApplicationContext : Root WebApplicationContext: initialization completed in 1684 ms
2021-10-12 01:01:48.521  INFO 10004 --- [main] o.hibernate.jpa.internal.util.LogHelper  : HHH000204: Processing PersistenceUnitInfo [name: default]
2021-10-12 01:01:48.809  INFO 10004 --- [main] org.hibernate.Version                    : HHH000412: Hibernate ORM core version 5.4.32.Final
2021-10-12 01:01:49.331  INFO 10004 --- [main] o.hibernate.annotations.common.Version   : HCANN000001: Hibernate Commons Annotations {5.1.2.Final}
2021-10-12 01:01:49.647  INFO 10004 --- [main] com.zaxxer.hikari.HikariDataSource       : HikariPool-1 - Starting...
2021-10-12 01:01:49.794  INFO 10004 --- [main] com.zaxxer.hikari.HikariDataSource       : HikariPool-1 - Start completed.
2021-10-12 01:01:49.845  INFO 10004 --- [main] org.hibernate.dialect.Dialect            : HHH000400: Using dialect: org.hibernate.dialect.MySQL5Dialect
2021-10-12 01:01:51.660  INFO 10004 --- [main] o.h.e.t.j.p.i.JtaPlatformInitiator       : HHH000490: Using JtaPlatform implementation: [org.hibernate.engine.transaction.jta.platform.internal.NoJtaPlatform]
2021-10-12 01:01:51.672  INFO 10004 --- [main] j.LocalContainerEntityManagerFactoryBean : Initialized JPA EntityManagerFactory for persistence unit 'default'
2021-10-12 01:01:51.975  WARN 10004 --- [main] JpaBaseConfiguration$JpaWebConfiguration : spring.jpa.open-in-view is enabled by default. Therefore, database queries may be performed during view rendering. Explicitly configure spring.jpa.open-in-view to disable this warning
2021-10-12 01:01:52.244  INFO 10004 --- [main] o.s.b.w.embedded.tomcat.TomcatWebServer  : Tomcat started on port(s): 8093 (http) with context path ''
2021-10-12 01:01:52.250  INFO 10004 --- [main] c.e.demo.SatsEtatCovid2Application       : Started SatsEtatCovid2Application in 6.112 seconds (JVM running for 7.145)
2021-10-12 01:02:17.629  INFO 10004 --- [http-nio-8093-exec-1] o.a.c.c.C.[Tomcat].[localhost].[/]       : Initializing Spring DispatcherServlet 'dispatcherServlet'
2021-10-12 01:02:17.629  INFO 10004 --- [http-nio-8093-exec-1] o.s.web.servlet.DispatcherServlet        : Initializing Servlet 'dispatcherServlet'
2021-10-12 01:02:17.630  INFO 10004 --- [http-nio-8093-exec-1] o.s.web.servlet.DispatcherServlet        : Completed initialization in 0 ms
2021-10-12 01:04:55.579  INFO 10004 --- [RMI TCP Connection(11)-127.0.0.1] inMXBeanRegistrar$SpringApplicationAdmin : Application shutdown requested.
2021-10-12 01:04:55.614  INFO 10004 --- [RMI TCP Connection(11)-127.0.0.1] j.LocalContainerEntityManagerFactoryBean : Closing JPA EntityManagerFactory for persistence unit 'default'
2021-10-12 01:04:55.614  INFO 10004 --- [RMI TCP Connection(11)-127.0.0.1] .SchemaDropperImpl$DelayedDropActionImpl : HHH000477: Starting delayed evictData of schema as part of SessionFactory shut-down'
2021-10-12 01:04:55.623  INFO 10004 --- [RMI TCP Connection(11)-127.0.0.1] com.zaxxer.hikari.HikariDataSource       : HikariPool-1 - Shutdown initiated...
2021-10-12 01:04:55.629  INFO 10004 --- [RMI TCP Connection(11)-127.0.0.1] com.zaxxer.hikari.HikariDataSource       : HikariPool-1 - Shutdown completed.
2021-10-12 01:05:00.241  INFO 7068 --- [main] c.e.demo.SatsEtatCovid2Application       : Starting SatsEtatCovid2Application using Java 15.0.1 on DESKTOP-GVK405K with PID 7068 (C:\Users\pc\Desktop\Project\SATSEtatCovid-2\target\classes started by pc in C:\Users\pc\Desktop\Project\SATSEtatCovid-2)
2021-10-12 01:05:00.244  INFO 7068 --- [main] c.e.demo.SatsEtatCovid2Application       : No active profile set, falling back to default profiles: default
2021-10-12 01:05:00.802  INFO 7068 --- [main] .s.d.r.c.RepositoryConfigurationDelegate : Bootstrapping Spring Data JPA repositories in DEFAULT mode.
2021-10-12 01:05:00.857  INFO 7068 --- [main] .s.d.r.c.RepositoryConfigurationDelegate : Finished Spring Data repository scanning in 48 ms. Found 5 JPA repository interfaces.
2021-10-12 01:05:01.294  INFO 7068 --- [main] o.s.b.w.embedded.tomcat.TomcatWebServer  : Tomcat initialized with port(s): 8093 (http)
2021-10-12 01:05:01.303  INFO 7068 --- [main] o.apache.catalina.core.StandardService   : Starting service [Tomcat]
2021-10-12 01:05:01.304  INFO 7068 --- [main] org.apache.catalina.core.StandardEngine  : Starting Servlet engine: [Apache Tomcat/9.0.50]
2021-10-12 01:05:01.414  INFO 7068 --- [main] o.a.c.c.C.[Tomcat].[localhost].[/]       : Initializing Spring embedded WebApplicationContext
2021-10-12 01:05:01.414  INFO 7068 --- [main] w.s.c.ServletWebServerApplicationContext : Root WebApplicationContext: initialization completed in 1134 ms
2021-10-12 01:05:01.600  INFO 7068 --- [main] o.hibernate.jpa.internal.util.LogHelper  : HHH000204: Processing PersistenceUnitInfo [name: default]
2021-10-12 01:05:01.644  INFO 7068 --- [main] org.hibernate.Version                    : HHH000412: Hibernate ORM core version 5.4.32.Final
2021-10-12 01:05:01.760  INFO 7068 --- [main] o.hibernate.annotations.common.Version   : HCANN000001: Hibernate Commons Annotations {5.1.2.Final}
2021-10-12 01:05:01.848  INFO 7068 --- [main] com.zaxxer.hikari.HikariDataSource       : HikariPool-1 - Starting...
2021-10-12 01:05:01.985  INFO 7068 --- [main] com.zaxxer.hikari.HikariDataSource       : HikariPool-1 - Start completed.
2021-10-12 01:05:01.997  INFO 7068 --- [main] org.hibernate.dialect.Dialect            : HHH000400: Using dialect: org.hibernate.dialect.MySQL5Dialect
2021-10-12 01:05:03.498  INFO 7068 --- [main] o.h.e.t.j.p.i.JtaPlatformInitiator       : HHH000490: Using JtaPlatform implementation: [org.hibernate.engine.transaction.jta.platform.internal.NoJtaPlatform]
2021-10-12 01:05:03.507  INFO 7068 --- [main] j.LocalContainerEntityManagerFactoryBean : Initialized JPA EntityManagerFactory for persistence unit 'default'
2021-10-12 01:05:03.865  WARN 7068 --- [main] JpaBaseConfiguration$JpaWebConfiguration : spring.jpa.open-in-view is enabled by default. Therefore, database queries may be performed during view rendering. Explicitly configure spring.jpa.open-in-view to disable this warning
2021-10-12 01:05:04.235  INFO 7068 --- [main] o.s.b.w.embedded.tomcat.TomcatWebServer  : Tomcat started on port(s): 8093 (http) with context path ''
2021-10-12 01:05:04.242  INFO 7068 --- [main] c.e.demo.SatsEtatCovid2Application       : Started SatsEtatCovid2Application in 4.405 seconds (JVM running for 5.055)
2021-10-12 01:15:31.195  INFO 7068 --- [http-nio-8093-exec-2] o.a.c.c.C.[Tomcat].[localhost].[/]       : Initializing Spring DispatcherServlet 'dispatcherServlet'
2021-10-12 01:15:31.195  INFO 7068 --- [http-nio-8093-exec-2] o.s.web.servlet.DispatcherServlet        : Initializing Servlet 'dispatcherServlet'
2021-10-12 01:15:31.197  INFO 7068 --- [http-nio-8093-exec-2] o.s.web.servlet.DispatcherServlet        : Completed initialization in 1 ms
2021-10-12 05:27:07.770  INFO 7068 --- [RMI TCP Connection(270)-127.0.0.1] inMXBeanRegistrar$SpringApplicationAdmin : Application shutdown requested.
2021-10-12 05:27:07.870  INFO 7068 --- [RMI TCP Connection(270)-127.0.0.1] j.LocalContainerEntityManagerFactoryBean : Closing JPA EntityManagerFactory for persistence unit 'default'
2021-10-12 05:27:07.873  INFO 7068 --- [RMI TCP Connection(270)-127.0.0.1] com.zaxxer.hikari.HikariDataSource       : HikariPool-1 - Shutdown initiated...
2021-10-12 05:27:07.877  INFO 7068 --- [RMI TCP Connection(270)-127.0.0.1] com.zaxxer.hikari.HikariDataSource       : HikariPool-1 - Shutdown completed.
2021-10-12 05:27:13.081  INFO 10492 --- [main] c.e.demo.SatsEtatCovid2Application       : Starting SatsEtatCovid2Application using Java 15.0.1 on DESKTOP-GVK405K with PID 10492 (C:\Users\pc\Desktop\Project\SATSEtatCovid-2\target\classes started by pc in C:\Users\pc\Desktop\Project\SATSEtatCovid-2)
2021-10-12 05:27:13.084  INFO 10492 --- [main] c.e.demo.SatsEtatCovid2Application       : No active profile set, falling back to default profiles: default
2021-10-12 05:27:13.851  INFO 10492 --- [main] .s.d.r.c.RepositoryConfigurationDelegate : Bootstrapping Spring Data JPA repositories in DEFAULT mode.
2021-10-12 05:27:13.908  INFO 10492 --- [main] .s.d.r.c.RepositoryConfigurationDelegate : Finished Spring Data repository scanning in 50 ms. Found 5 JPA repository interfaces.
2021-10-12 05:27:14.804  INFO 10492 --- [main] o.s.b.w.embedded.tomcat.TomcatWebServer  : Tomcat initialized with port(s): 8093 (http)
2021-10-12 05:27:14.819  INFO 10492 --- [main] o.apache.catalina.core.StandardService   : Starting service [Tomcat]
2021-10-12 05:27:14.819  INFO 10492 --- [main] org.apache.catalina.core.StandardEngine  : Starting Servlet engine: [Apache Tomcat/9.0.50]
2021-10-12 05:27:15.037  INFO 10492 --- [main] o.a.c.c.C.[Tomcat].[localhost].[/]       : Initializing Spring embedded WebApplicationContext
2021-10-12 05:27:15.037  INFO 10492 --- [main] w.s.c.ServletWebServerApplicationContext : Root WebApplicationContext: initialization completed in 1916 ms
2021-10-12 05:27:15.347  INFO 10492 --- [main] o.hibernate.jpa.internal.util.LogHelper  : HHH000204: Processing PersistenceUnitInfo [name: default]
2021-10-12 05:27:15.636  INFO 10492 --- [main] org.hibernate.Version                    : HHH000412: Hibernate ORM core version 5.4.32.Final
2021-10-12 05:27:16.243  INFO 10492 --- [main] o.hibernate.annotations.common.Version   : HCANN000001: Hibernate Commons Annotations {5.1.2.Final}
2021-10-12 05:27:16.411  INFO 10492 --- [main] com.zaxxer.hikari.HikariDataSource       : HikariPool-1 - Starting...
2021-10-12 05:27:16.567  INFO 10492 --- [main] com.zaxxer.hikari.HikariDataSource       : HikariPool-1 - Start completed.
2021-10-12 05:27:16.660  INFO 10492 --- [main] org.hibernate.dialect.Dialect            : HHH000400: Using dialect: org.hibernate.dialect.MySQL5Dialect
2021-10-12 05:27:18.592  INFO 10492 --- [main] o.h.e.t.j.p.i.JtaPlatformInitiator       : HHH000490: Using JtaPlatform implementation: [org.hibernate.engine.transaction.jta.platform.internal.NoJtaPlatform]
2021-10-12 05:27:18.605  INFO 10492 --- [main] j.LocalContainerEntityManagerFactoryBean : Initialized JPA EntityManagerFactory for persistence unit 'default'
2021-10-12 05:27:18.908  WARN 10492 --- [main] JpaBaseConfiguration$JpaWebConfiguration : spring.jpa.open-in-view is enabled by default. Therefore, database queries may be performed during view rendering. Explicitly configure spring.jpa.open-in-view to disable this warning
2021-10-12 05:27:19.189  INFO 10492 --- [main] o.s.b.w.embedded.tomcat.TomcatWebServer  : Tomcat started on port(s): 8093 (http) with context path ''
2021-10-12 05:27:19.196  INFO 10492 --- [main] c.e.demo.SatsEtatCovid2Application       : Started SatsEtatCovid2Application in 6.46 seconds (JVM running for 7.54)
2021-10-12 05:36:58.391  INFO 10492 --- [http-nio-8093-exec-1] o.a.c.c.C.[Tomcat].[localhost].[/]       : Initializing Spring DispatcherServlet 'dispatcherServlet'
2021-10-12 05:36:58.392  INFO 10492 --- [http-nio-8093-exec-1] o.s.web.servlet.DispatcherServlet        : Initializing Servlet 'dispatcherServlet'
2021-10-12 05:36:58.393  INFO 10492 --- [http-nio-8093-exec-1] o.s.web.servlet.DispatcherServlet        : Completed initialization in 1 ms
2021-10-12 06:18:55.920  INFO 10492 --- [RMI TCP Connection(61)-127.0.0.1] inMXBeanRegistrar$SpringApplicationAdmin : Application shutdown requested.
2021-10-12 06:18:56.019  INFO 10492 --- [RMI TCP Connection(61)-127.0.0.1] j.LocalContainerEntityManagerFactoryBean : Closing JPA EntityManagerFactory for persistence unit 'default'
2021-10-12 06:18:56.021  INFO 10492 --- [RMI TCP Connection(61)-127.0.0.1] com.zaxxer.hikari.HikariDataSource       : HikariPool-1 - Shutdown initiated...
2021-10-12 06:18:56.023  INFO 10492 --- [RMI TCP Connection(61)-127.0.0.1] com.zaxxer.hikari.HikariDataSource       : HikariPool-1 - Shutdown completed.
2021-10-12 06:19:05.467  INFO 13412 --- [main] c.e.demo.SatsEtatCovid2Application       : Starting SatsEtatCovid2Application using Java 15.0.1 on DESKTOP-GVK405K with PID 13412 (C:\Users\pc\Desktop\Project\SATSEtatCovid-2\target\classes started by pc in C:\Users\pc\Desktop\Project\SATSEtatCovid-2)
2021-10-12 06:19:05.469  INFO 13412 --- [main] c.e.demo.SatsEtatCovid2Application       : No active profile set, falling back to default profiles: default
2021-10-12 06:19:06.196  INFO 13412 --- [main] .s.d.r.c.RepositoryConfigurationDelegate : Bootstrapping Spring Data JPA repositories in DEFAULT mode.
2021-10-12 06:19:06.263  INFO 13412 --- [main] .s.d.r.c.RepositoryConfigurationDelegate : Finished Spring Data repository scanning in 60 ms. Found 5 JPA repository interfaces.
2021-10-12 06:19:06.937  INFO 13412 --- [main] o.s.b.w.embedded.tomcat.TomcatWebServer  : Tomcat initialized with port(s): 8093 (http)
2021-10-12 06:19:06.951  INFO 13412 --- [main] o.apache.catalina.core.StandardService   : Starting service [Tomcat]
2021-10-12 06:19:06.951  INFO 13412 --- [main] org.apache.catalina.core.StandardEngine  : Starting Servlet engine: [Apache Tomcat/9.0.50]
2021-10-12 06:19:07.137  INFO 13412 --- [main] o.a.c.c.C.[Tomcat].[localhost].[/]       : Initializing Spring embedded WebApplicationContext
2021-10-12 06:19:07.137  INFO 13412 --- [main] w.s.c.ServletWebServerApplicationContext : Root WebApplicationContext: initialization completed in 1633 ms
2021-10-12 06:19:07.365  INFO 13412 --- [main] o.hibernate.jpa.internal.util.LogHelper  : HHH000204: Processing PersistenceUnitInfo [name: default]
2021-10-12 06:19:07.570  INFO 13412 --- [main] org.hibernate.Version                    : HHH000412: Hibernate ORM core version 5.4.32.Final
2021-10-12 06:19:08.056  INFO 13412 --- [main] o.hibernate.annotations.common.Version   : HCANN000001: Hibernate Commons Annotations {5.1.2.Final}
2021-10-12 06:19:08.252  INFO 13412 --- [main] com.zaxxer.hikari.HikariDataSource       : HikariPool-1 - Starting...
2021-10-12 06:19:08.391  INFO 13412 --- [main] com.zaxxer.hikari.HikariDataSource       : HikariPool-1 - Start completed.
2021-10-12 06:19:08.431  INFO 13412 --- [main] org.hibernate.dialect.Dialect            : HHH000400: Using dialect: org.hibernate.dialect.MySQL5Dialect
2021-10-12 06:19:09.941  INFO 13412 --- [main] o.h.e.t.j.p.i.JtaPlatformInitiator       : HHH000490: Using JtaPlatform implementation: [org.hibernate.engine.transaction.jta.platform.internal.NoJtaPlatform]
2021-10-12 06:19:09.955  INFO 13412 --- [main] j.LocalContainerEntityManagerFactoryBean : Initialized JPA EntityManagerFactory for persistence unit 'default'
2021-10-12 06:19:10.253  WARN 13412 --- [main] JpaBaseConfiguration$JpaWebConfiguration : spring.jpa.open-in-view is enabled by default. Therefore, database queries may be performed during view rendering. Explicitly configure spring.jpa.open-in-view to disable this warning
2021-10-12 06:19:10.526  INFO 13412 --- [main] o.s.b.w.embedded.tomcat.TomcatWebServer  : Tomcat started on port(s): 8093 (http) with context path ''
2021-10-12 06:19:10.533  INFO 13412 --- [main] c.e.demo.SatsEtatCovid2Application       : Started SatsEtatCovid2Application in 5.406 seconds (JVM running for 6.441)
2021-10-12 06:19:19.858  INFO 13412 --- [http-nio-8093-exec-1] o.a.c.c.C.[Tomcat].[localhost].[/]       : Initializing Spring DispatcherServlet 'dispatcherServlet'
2021-10-12 06:19:19.858  INFO 13412 --- [http-nio-8093-exec-1] o.s.web.servlet.DispatcherServlet        : Initializing Servlet 'dispatcherServlet'
2021-10-12 06:19:19.859  INFO 13412 --- [http-nio-8093-exec-1] o.s.web.servlet.DispatcherServlet        : Completed initialization in 0 ms
2021-10-12 06:31:18.171  INFO 13412 --- [RMI TCP Connection(20)-127.0.0.1] inMXBeanRegistrar$SpringApplicationAdmin : Application shutdown requested.
2021-10-12 06:31:18.489  INFO 13412 --- [RMI TCP Connection(20)-127.0.0.1] j.LocalContainerEntityManagerFactoryBean : Closing JPA EntityManagerFactory for persistence unit 'default'
2021-10-12 06:31:18.494  INFO 13412 --- [RMI TCP Connection(20)-127.0.0.1] com.zaxxer.hikari.HikariDataSource       : HikariPool-1 - Shutdown initiated...
2021-10-12 06:31:18.572  INFO 13412 --- [RMI TCP Connection(20)-127.0.0.1] com.zaxxer.hikari.HikariDataSource       : HikariPool-1 - Shutdown completed.
2021-10-12 06:31:28.750  INFO 9860 --- [main] c.e.demo.SatsEtatCovid2Application       : Starting SatsEtatCovid2Application using Java 15.0.1 on DESKTOP-GVK405K with PID 9860 (C:\Users\pc\Desktop\Project\SATSEtatCovid-2\target\classes started by pc in C:\Users\pc\Desktop\Project\SATSEtatCovid-2)
2021-10-12 06:31:28.753  INFO 9860 --- [main] c.e.demo.SatsEtatCovid2Application       : No active profile set, falling back to default profiles: default
2021-10-12 06:31:29.851  INFO 9860 --- [main] .s.d.r.c.RepositoryConfigurationDelegate : Bootstrapping Spring Data JPA repositories in DEFAULT mode.
2021-10-12 06:31:29.922  INFO 9860 --- [main] .s.d.r.c.RepositoryConfigurationDelegate : Finished Spring Data repository scanning in 63 ms. Found 5 JPA repository interfaces.
2021-10-12 06:31:30.932  INFO 9860 --- [main] o.s.b.w.embedded.tomcat.TomcatWebServer  : Tomcat initialized with port(s): 8093 (http)
2021-10-12 06:31:31.000  INFO 9860 --- [main] o.apache.catalina.core.StandardService   : Starting service [Tomcat]
2021-10-12 06:31:31.001  INFO 9860 --- [main] org.apache.catalina.core.StandardEngine  : Starting Servlet engine: [Apache Tomcat/9.0.50]
2021-10-12 06:31:31.625  INFO 9860 --- [main] o.a.c.c.C.[Tomcat].[localhost].[/]       : Initializing Spring embedded WebApplicationContext
2021-10-12 06:31:31.625  INFO 9860 --- [main] w.s.c.ServletWebServerApplicationContext : Root WebApplicationContext: initialization completed in 2835 ms
2021-10-12 06:31:32.116  INFO 9860 --- [main] o.hibernate.jpa.internal.util.LogHelper  : HHH000204: Processing PersistenceUnitInfo [name: default]
2021-10-12 06:31:32.556  INFO 9860 --- [main] org.hibernate.Version                    : HHH000412: Hibernate ORM core version 5.4.32.Final
2021-10-12 06:31:33.445  INFO 9860 --- [main] o.hibernate.annotations.common.Version   : HCANN000001: Hibernate Commons Annotations {5.1.2.Final}
2021-10-12 06:31:33.603  INFO 9860 --- [main] com.zaxxer.hikari.HikariDataSource       : HikariPool-1 - Starting...
2021-10-12 06:31:33.781  INFO 9860 --- [main] com.zaxxer.hikari.HikariDataSource       : HikariPool-1 - Start completed.
2021-10-12 06:31:33.897  INFO 9860 --- [main] org.hibernate.dialect.Dialect            : HHH000400: Using dialect: org.hibernate.dialect.MySQL5Dialect
2021-10-12 06:31:58.421  INFO 9860 --- [main] o.h.e.t.j.p.i.JtaPlatformInitiator       : HHH000490: Using JtaPlatform implementation: [org.hibernate.engine.transaction.jta.platform.internal.NoJtaPlatform]
2021-10-12 06:31:58.432  INFO 9860 --- [main] j.LocalContainerEntityManagerFactoryBean : Initialized JPA EntityManagerFactory for persistence unit 'default'
2021-10-12 06:31:58.854  WARN 9860 --- [main] JpaBaseConfiguration$JpaWebConfiguration : spring.jpa.open-in-view is enabled by default. Therefore, database queries may be performed during view rendering. Explicitly configure spring.jpa.open-in-view to disable this warning
2021-10-12 06:31:59.130  INFO 9860 --- [main] o.s.b.w.embedded.tomcat.TomcatWebServer  : Tomcat started on port(s): 8093 (http) with context path ''
2021-10-12 06:31:59.137  INFO 9860 --- [main] c.e.demo.SatsEtatCovid2Application       : Started SatsEtatCovid2Application in 30.769 seconds (JVM running for 31.771)
2021-10-12 06:33:58.391  INFO 9860 --- [http-nio-8093-exec-1] o.a.c.c.C.[Tomcat].[localhost].[/]       : Initializing Spring DispatcherServlet 'dispatcherServlet'
2021-10-12 06:33:58.391  INFO 9860 --- [http-nio-8093-exec-1] o.s.web.servlet.DispatcherServlet        : Initializing Servlet 'dispatcherServlet'
2021-10-12 06:33:58.392  INFO 9860 --- [http-nio-8093-exec-1] o.s.web.servlet.DispatcherServlet        : Completed initialization in 0 ms
2021-10-12 10:21:46.495  INFO 9860 --- [RMI TCP Connection(287)-127.0.0.1] inMXBeanRegistrar$SpringApplicationAdmin : Application shutdown requested.
2021-10-12 10:21:46.618  INFO 9860 --- [RMI TCP Connection(287)-127.0.0.1] j.LocalContainerEntityManagerFactoryBean : Closing JPA EntityManagerFactory for persistence unit 'default'
2021-10-12 10:21:46.640  INFO 9860 --- [RMI TCP Connection(287)-127.0.0.1] com.zaxxer.hikari.HikariDataSource       : HikariPool-1 - Shutdown initiated...
2021-10-12 10:21:46.645  INFO 9860 --- [RMI TCP Connection(287)-127.0.0.1] com.zaxxer.hikari.HikariDataSource       : HikariPool-1 - Shutdown completed.
2021-10-12 10:27:59.103  INFO 1476 --- [main] c.e.demo.SatsEtatCovid2Application       : Starting SatsEtatCovid2Application using Java 15.0.1 on DESKTOP-GVK405K with PID 1476 (C:\Users\pc\Desktop\Project\SATSEtatCovid-2\target\classes started by pc in C:\Users\pc\Desktop\Project\SATSEtatCovid-2)
2021-10-12 10:27:59.105  INFO 1476 --- [main] c.e.demo.SatsEtatCovid2Application       : No active profile set, falling back to default profiles: default
2021-10-12 10:28:00.306  INFO 1476 --- [main] .s.d.r.c.RepositoryConfigurationDelegate : Bootstrapping Spring Data JPA repositories in DEFAULT mode.
2021-10-12 10:28:00.358  INFO 1476 --- [main] .s.d.r.c.RepositoryConfigurationDelegate : Finished Spring Data repository scanning in 44 ms. Found 5 JPA repository interfaces.
2021-10-12 10:28:01.260  INFO 1476 --- [main] o.s.b.w.embedded.tomcat.TomcatWebServer  : Tomcat initialized with port(s): 8093 (http)
2021-10-12 10:28:01.274  INFO 1476 --- [main] o.apache.catalina.core.StandardService   : Starting service [Tomcat]
2021-10-12 10:28:01.275  INFO 1476 --- [main] org.apache.catalina.core.StandardEngine  : Starting Servlet engine: [Apache Tomcat/9.0.50]
2021-10-12 10:28:01.449  INFO 1476 --- [main] o.a.c.c.C.[Tomcat].[localhost].[/]       : Initializing Spring embedded WebApplicationContext
2021-10-12 10:28:01.449  INFO 1476 --- [main] w.s.c.ServletWebServerApplicationContext : Root WebApplicationContext: initialization completed in 2300 ms
2021-10-12 10:28:01.639  INFO 1476 --- [main] o.hibernate.jpa.internal.util.LogHelper  : HHH000204: Processing PersistenceUnitInfo [name: default]
2021-10-12 10:28:01.682  INFO 1476 --- [main] org.hibernate.Version                    : HHH000412: Hibernate ORM core version 5.4.32.Final
2021-10-12 10:28:01.794  INFO 1476 --- [main] o.hibernate.annotations.common.Version   : HCANN000001: Hibernate Commons Annotations {5.1.2.Final}
2021-10-12 10:28:01.888  INFO 1476 --- [main] com.zaxxer.hikari.HikariDataSource       : HikariPool-1 - Starting...
2021-10-12 10:28:02.023  INFO 1476 --- [main] com.zaxxer.hikari.HikariDataSource       : HikariPool-1 - Start completed.
2021-10-12 10:28:02.037  INFO 1476 --- [main] org.hibernate.dialect.Dialect            : HHH000400: Using dialect: org.hibernate.dialect.MySQL5Dialect
2021-10-12 10:28:04.117  INFO 1476 --- [main] o.h.e.t.j.p.i.JtaPlatformInitiator       : HHH000490: Using JtaPlatform implementation: [org.hibernate.engine.transaction.jta.platform.internal.NoJtaPlatform]
2021-10-12 10:28:04.129  INFO 1476 --- [main] j.LocalContainerEntityManagerFactoryBean : Initialized JPA EntityManagerFactory for persistence unit 'default'
2021-10-12 10:28:04.432  WARN 1476 --- [main] JpaBaseConfiguration$JpaWebConfiguration : spring.jpa.open-in-view is enabled by default. Therefore, database queries may be performed during view rendering. Explicitly configure spring.jpa.open-in-view to disable this warning
2021-10-12 10:28:04.710  INFO 1476 --- [main] o.s.b.w.embedded.tomcat.TomcatWebServer  : Tomcat started on port(s): 8093 (http) with context path ''
2021-10-12 10:28:04.717  INFO 1476 --- [main] c.e.demo.SatsEtatCovid2Application       : Started SatsEtatCovid2Application in 6.101 seconds (JVM running for 6.915)
2021-10-12 10:28:37.738  INFO 1476 --- [http-nio-8093-exec-1] o.a.c.c.C.[Tomcat].[localhost].[/]       : Initializing Spring DispatcherServlet 'dispatcherServlet'
2021-10-12 10:28:37.739  INFO 1476 --- [http-nio-8093-exec-1] o.s.web.servlet.DispatcherServlet        : Initializing Servlet 'dispatcherServlet'
2021-10-12 10:28:37.740  INFO 1476 --- [http-nio-8093-exec-1] o.s.web.servlet.DispatcherServlet        : Completed initialization in 1 ms
2021-10-12 10:59:35.211  INFO 9096 --- [main] c.e.demo.SatsEtatCovid2Application       : Starting SatsEtatCovid2Application using Java 11.0.9 on DESKTOP-GVK405K with PID 9096 (C:\Users\pc\Desktop\backendtest\target\classes started by pc in C:\Users\pc\Desktop\backendtest)
2021-10-12 10:59:35.394  INFO 9096 --- [main] c.e.demo.SatsEtatCovid2Application       : No active profile set, falling back to default profiles: default
2021-10-12 10:59:36.641  INFO 9096 --- [main] .s.d.r.c.RepositoryConfigurationDelegate : Bootstrapping Spring Data JPA repositories in DEFAULT mode.
2021-10-12 10:59:36.777  INFO 9096 --- [main] .s.d.r.c.RepositoryConfigurationDelegate : Finished Spring Data repository scanning in 127 ms. Found 5 JPA repository interfaces.
2021-10-12 10:59:38.115  INFO 9096 --- [main] o.s.b.w.embedded.tomcat.TomcatWebServer  : Tomcat initialized with port(s): 8095 (http)
2021-10-12 10:59:38.129  INFO 9096 --- [main] o.apache.catalina.core.StandardService   : Starting service [Tomcat]
2021-10-12 10:59:38.131  INFO 9096 --- [main] org.apache.catalina.core.StandardEngine  : Starting Servlet engine: [Apache Tomcat/9.0.50]
2021-10-12 10:59:38.600  INFO 9096 --- [main] o.a.c.c.C.[Tomcat].[localhost].[/]       : Initializing Spring embedded WebApplicationContext
2021-10-12 10:59:38.601  INFO 9096 --- [main] w.s.c.ServletWebServerApplicationContext : Root WebApplicationContext: initialization completed in 3147 ms
2021-10-12 10:59:39.796  INFO 9096 --- [main] o.hibernate.jpa.internal.util.LogHelper  : HHH000204: Processing PersistenceUnitInfo [name: default]
2021-10-12 10:59:40.345  INFO 9096 --- [main] org.hibernate.Version                    : HHH000412: Hibernate ORM core version 5.4.32.Final
2021-10-12 10:59:42.133  INFO 9096 --- [main] o.hibernate.annotations.common.Version   : HCANN000001: Hibernate Commons Annotations {5.1.2.Final}
2021-10-12 10:59:42.865  INFO 9096 --- [main] com.zaxxer.hikari.HikariDataSource       : HikariPool-1 - Starting...
2021-10-12 10:59:44.104  INFO 9096 --- [main] com.zaxxer.hikari.HikariDataSource       : HikariPool-1 - Start completed.
2021-10-12 10:59:44.211  INFO 9096 --- [main] org.hibernate.dialect.Dialect            : HHH000400: Using dialect: org.hibernate.dialect.MySQL5Dialect
2021-10-12 10:59:47.088  INFO 9096 --- [main] o.h.e.t.j.p.i.JtaPlatformInitiator       : HHH000490: Using JtaPlatform implementation: [org.hibernate.engine.transaction.jta.platform.internal.NoJtaPlatform]
2021-10-12 10:59:47.097  INFO 9096 --- [main] j.LocalContainerEntityManagerFactoryBean : Initialized JPA EntityManagerFactory for persistence unit 'default'
2021-10-12 10:59:47.397  WARN 9096 --- [main] JpaBaseConfiguration$JpaWebConfiguration : spring.jpa.open-in-view is enabled by default. Therefore, database queries may be performed during view rendering. Explicitly configure spring.jpa.open-in-view to disable this warning
2021-10-12 10:59:47.714  INFO 9096 --- [main] o.s.b.w.embedded.tomcat.TomcatWebServer  : Tomcat started on port(s): 8095 (http) with context path ''
2021-10-12 10:59:47.734  INFO 9096 --- [main] c.e.demo.SatsEtatCovid2Application       : Started SatsEtatCovid2Application in 13.471 seconds (JVM running for 16.877)
2021-10-12 11:08:46.561  INFO 17392 --- [main] c.e.demo.SatsEtatCovid2Application       : Starting SatsEtatCovid2Application using Java 11.0.9 on DESKTOP-GVK405K with PID 17392 (C:\Users\pc\Desktop\backendtest\target\classes started by pc in C:\Users\pc\Desktop\backendtest)
2021-10-12 11:08:46.563  INFO 17392 --- [main] c.e.demo.SatsEtatCovid2Application       : No active profile set, falling back to default profiles: default
2021-10-12 11:08:47.342  INFO 17392 --- [main] .s.d.r.c.RepositoryConfigurationDelegate : Bootstrapping Spring Data JPA repositories in DEFAULT mode.
2021-10-12 11:08:47.393  INFO 17392 --- [main] .s.d.r.c.RepositoryConfigurationDelegate : Finished Spring Data repository scanning in 44 ms. Found 2 JPA repository interfaces.
2021-10-12 11:08:48.517  INFO 17392 --- [main] o.s.b.w.embedded.tomcat.TomcatWebServer  : Tomcat initialized with port(s): 8095 (http)
2021-10-12 11:08:48.532  INFO 17392 --- [main] o.apache.catalina.core.StandardService   : Starting service [Tomcat]
2021-10-12 11:08:48.533  INFO 17392 --- [main] org.apache.catalina.core.StandardEngine  : Starting Servlet engine: [Apache Tomcat/9.0.50]
2021-10-12 11:08:48.731  INFO 17392 --- [main] o.a.c.c.C.[Tomcat].[localhost].[/]       : Initializing Spring embedded WebApplicationContext
2021-10-12 11:08:48.731  INFO 17392 --- [main] w.s.c.ServletWebServerApplicationContext : Root WebApplicationContext: initialization completed in 2130 ms
2021-10-12 11:08:48.988  INFO 17392 --- [main] o.hibernate.jpa.internal.util.LogHelper  : HHH000204: Processing PersistenceUnitInfo [name: default]
2021-10-12 11:08:49.233  INFO 17392 --- [main] org.hibernate.Version                    : HHH000412: Hibernate ORM core version 5.4.32.Final
2021-10-12 11:08:49.689  INFO 17392 --- [main] o.hibernate.annotations.common.Version   : HCANN000001: Hibernate Commons Annotations {5.1.2.Final}
2021-10-12 11:08:49.867  INFO 17392 --- [main] com.zaxxer.hikari.HikariDataSource       : HikariPool-1 - Starting...
2021-10-12 11:08:50.210  INFO 17392 --- [main] com.zaxxer.hikari.HikariDataSource       : HikariPool-1 - Start completed.
2021-10-12 11:08:50.256  INFO 17392 --- [main] org.hibernate.dialect.Dialect            : HHH000400: Using dialect: org.hibernate.dialect.MySQL5Dialect
2021-10-12 11:08:51.299  INFO 17392 --- [main] o.h.e.t.j.p.i.JtaPlatformInitiator       : HHH000490: Using JtaPlatform implementation: [org.hibernate.engine.transaction.jta.platform.internal.NoJtaPlatform]
2021-10-12 11:08:51.309  INFO 17392 --- [main] j.LocalContainerEntityManagerFactoryBean : Initialized JPA EntityManagerFactory for persistence unit 'default'
2021-10-12 11:08:51.530  WARN 17392 --- [main] JpaBaseConfiguration$JpaWebConfiguration : spring.jpa.open-in-view is enabled by default. Therefore, database queries may be performed during view rendering. Explicitly configure spring.jpa.open-in-view to disable this warning
2021-10-12 11:08:51.786  INFO 17392 --- [main] o.s.b.w.embedded.tomcat.TomcatWebServer  : Tomcat started on port(s): 8095 (http) with context path ''
2021-10-12 11:08:51.794  INFO 17392 --- [main] c.e.demo.SatsEtatCovid2Application       : Started SatsEtatCovid2Application in 5.623 seconds (JVM running for 7.164)
2021-10-12 11:09:20.437  INFO 17392 --- [http-nio-8095-exec-1] o.a.c.c.C.[Tomcat].[localhost].[/]       : Initializing Spring DispatcherServlet 'dispatcherServlet'
2021-10-12 11:09:20.439  INFO 17392 --- [http-nio-8095-exec-1] o.s.web.servlet.DispatcherServlet        : Initializing Servlet 'dispatcherServlet'
2021-10-12 11:09:20.440  INFO 17392 --- [http-nio-8095-exec-1] o.s.web.servlet.DispatcherServlet        : Completed initialization in 1 ms
2021-10-12 11:53:49.621  INFO 14568 --- [main] c.e.demo.SatsEtatCovid2Application       : Starting SatsEtatCovid2Application using Java 11.0.9 on DESKTOP-GVK405K with PID 14568 (C:\Users\pc\Desktop\backendtest\target\classes started by pc in C:\Users\pc\Desktop\backendtest)
2021-10-12 11:53:49.621  INFO 14568 --- [main] c.e.demo.SatsEtatCovid2Application       : No active profile set, falling back to default profiles: default
2021-10-12 11:53:50.489  INFO 14568 --- [main] .s.d.r.c.RepositoryConfigurationDelegate : Bootstrapping Spring Data JPA repositories in DEFAULT mode.
2021-10-12 11:53:50.543  INFO 14568 --- [main] .s.d.r.c.RepositoryConfigurationDelegate : Finished Spring Data repository scanning in 47 ms. Found 2 JPA repository interfaces.
2021-10-12 11:53:51.261  INFO 14568 --- [main] o.s.b.w.embedded.tomcat.TomcatWebServer  : Tomcat initialized with port(s): 8095 (http)
2021-10-12 11:53:51.261  INFO 14568 --- [main] o.apache.catalina.core.StandardService   : Starting service [Tomcat]
2021-10-12 11:53:51.261  INFO 14568 --- [main] org.apache.catalina.core.StandardEngine  : Starting Servlet engine: [Apache Tomcat/9.0.50]
2021-10-12 11:53:51.362  INFO 14568 --- [main] o.a.c.c.C.[Tomcat].[localhost].[/]       : Initializing Spring embedded WebApplicationContext
2021-10-12 11:53:51.362  INFO 14568 --- [main] w.s.c.ServletWebServerApplicationContext : Root WebApplicationContext: initialization completed in 1691 ms
2021-10-12 11:53:51.578  INFO 14568 --- [main] o.hibernate.jpa.internal.util.LogHelper  : HHH000204: Processing PersistenceUnitInfo [name: default]
2021-10-12 11:53:51.847  INFO 14568 --- [main] org.hibernate.Version                    : HHH000412: Hibernate ORM core version 5.4.32.Final
2021-10-12 11:53:52.312  INFO 14568 --- [main] o.hibernate.annotations.common.Version   : HCANN000001: Hibernate Commons Annotations {5.1.2.Final}
2021-10-12 11:53:52.412  INFO 14568 --- [main] com.zaxxer.hikari.HikariDataSource       : HikariPool-1 - Starting...
2021-10-12 11:53:52.581  INFO 14568 --- [main] com.zaxxer.hikari.HikariDataSource       : HikariPool-1 - Start completed.
2021-10-12 11:53:52.629  INFO 14568 --- [main] org.hibernate.dialect.Dialect            : HHH000400: Using dialect: org.hibernate.dialect.MySQL5Dialect
2021-10-12 11:53:53.769  INFO 14568 --- [main] o.h.e.t.j.p.i.JtaPlatformInitiator       : HHH000490: Using JtaPlatform implementation: [org.hibernate.engine.transaction.jta.platform.internal.NoJtaPlatform]
2021-10-12 11:53:53.769  INFO 14568 --- [main] j.LocalContainerEntityManagerFactoryBean : Initialized JPA EntityManagerFactory for persistence unit 'default'
2021-10-12 11:53:54.017  WARN 14568 --- [main] JpaBaseConfiguration$JpaWebConfiguration : spring.jpa.open-in-view is enabled by default. Therefore, database queries may be performed during view rendering. Explicitly configure spring.jpa.open-in-view to disable this warning
2021-10-12 11:53:54.302  INFO 14568 --- [main] o.s.b.w.embedded.tomcat.TomcatWebServer  : Tomcat started on port(s): 8095 (http) with context path ''
2021-10-12 11:53:54.302  INFO 14568 --- [main] c.e.demo.SatsEtatCovid2Application       : Started SatsEtatCovid2Application in 5.135 seconds (JVM running for 6.713)
2021-10-12 13:53:04.239  INFO 14568 --- [http-nio-8095-exec-1] o.a.c.c.C.[Tomcat].[localhost].[/]       : Initializing Spring DispatcherServlet 'dispatcherServlet'
2021-10-12 13:53:04.241  INFO 14568 --- [http-nio-8095-exec-1] o.s.web.servlet.DispatcherServlet        : Initializing Servlet 'dispatcherServlet'
2021-10-12 13:53:04.243  INFO 14568 --- [http-nio-8095-exec-1] o.s.web.servlet.DispatcherServlet        : Completed initialization in 1 ms
2021-10-12 15:07:40.321  WARN 14568 --- [HikariPool-1 housekeeper] com.zaxxer.hikari.pool.HikariPool        : HikariPool-1 - Thread starvation or clock leap detected (housekeeper delta=1h2m15s141ms397µs).
